This is pdfTeX, Version 3.1415926-2.5-1.40.14 (TeX Live 2013/Debian) (format=pdflatex 2015.6.10)  22 JUL 2015 13:15
entering extended mode
 restricted \write18 enabled.
 %&-line parsing enabled.
**parkinsons.tex
(./parkinsons.tex
LaTeX2e <2011/06/27>
Babel <3.9h> and hyphenation patterns for 2 languages loaded.
(/usr/share/texlive/texmf-dist/tex/latex/base/article.cls
Document Class: article 2007/10/19 v1.4h Standard LaTeX document class
(/usr/share/texlive/texmf-dist/tex/latex/base/size12.clo
File: size12.clo 2007/10/19 v1.4h Standard LaTeX file (size option)
)
\c@part=\count79
\c@section=\count80
\c@subsection=\count81
\c@subsubsection=\count82
\c@paragraph=\count83
\c@subparagraph=\count84
\c@figure=\count85
\c@table=\count86
\abovecaptionskip=\skip41
\belowcaptionskip=\skip42
\bibindent=\dimen102
)
(/usr/share/texlive/texmf-dist/tex/latex/fancyhdr/fancyhdr.sty
\fancy@headwidth=\skip43
\f@ncyO@elh=\skip44
\f@ncyO@erh=\skip45
\f@ncyO@olh=\skip46
\f@ncyO@orh=\skip47
\f@ncyO@elf=\skip48
\f@ncyO@erf=\skip49
\f@ncyO@olf=\skip50
\f@ncyO@orf=\skip51
)
(/usr/share/texlive/texmf-dist/tex/latex/amsmath/amsmath.sty
Package: amsmath 2013/01/14 v2.14 AMS math features
\@mathmargin=\skip52

For additional information on amsmath, use the `?' option.
(/usr/share/texlive/texmf-dist/tex/latex/amsmath/amstext.sty
Package: amstext 2000/06/29 v2.01

(/usr/share/texlive/texmf-dist/tex/latex/amsmath/amsgen.sty
File: amsgen.sty 1999/11/30 v2.0
\@emptytoks=\toks14
\ex@=\dimen103
))
(/usr/share/texlive/texmf-dist/tex/latex/amsmath/amsbsy.sty
Package: amsbsy 1999/11/29 v1.2d
\pmbraise@=\dimen104
)
(/usr/share/texlive/texmf-dist/tex/latex/amsmath/amsopn.sty
Package: amsopn 1999/12/14 v2.01 operator names
)
\inf@bad=\count87
LaTeX Info: Redefining \frac on input line 210.
\uproot@=\count88
\leftroot@=\count89
LaTeX Info: Redefining \overline on input line 306.
\classnum@=\count90
\DOTSCASE@=\count91
LaTeX Info: Redefining \ldots on input line 378.
LaTeX Info: Redefining \dots on input line 381.
LaTeX Info: Redefining \cdots on input line 466.
\Mathstrutbox@=\box26
\strutbox@=\box27
\big@size=\dimen105
LaTeX Font Info:    Redeclaring font encoding OML on input line 566.
LaTeX Font Info:    Redeclaring font encoding OMS on input line 567.
\macc@depth=\count92
\c@MaxMatrixCols=\count93
\dotsspace@=\muskip10
\c@parentequation=\count94
\dspbrk@lvl=\count95
\tag@help=\toks15
\row@=\count96
\column@=\count97
\maxfields@=\count98
\andhelp@=\toks16
\eqnshift@=\dimen106
\alignsep@=\dimen107
\tagshift@=\dimen108
\tagwidth@=\dimen109
\totwidth@=\dimen110
\lineht@=\dimen111
\@envbody=\toks17
\multlinegap=\skip53
\multlinetaggap=\skip54
\mathdisplay@stack=\toks18
LaTeX Info: Redefining \[ on input line 2665.
LaTeX Info: Redefining \] on input line 2666.
)
(/usr/share/texlive/texmf-dist/tex/latex/amsfonts/amssymb.sty
Package: amssymb 2013/01/14 v3.01 AMS font symbols

(/usr/share/texlive/texmf-dist/tex/latex/amsfonts/amsfonts.sty
Package: amsfonts 2013/01/14 v3.01 Basic AMSFonts support
\symAMSa=\mathgroup4
\symAMSb=\mathgroup5
LaTeX Font Info:    Overwriting math alphabet `\mathfrak' in version `bold'
(Font)                  U/euf/m/n --> U/euf/b/n on input line 106.
))
(/usr/share/texlive/texmf-dist/tex/latex/tools/bm.sty
Package: bm 2004/02/26 v1.1c Bold Symbol Support (DPC/FMi)
\symboldoperators=\mathgroup6
\symboldletters=\mathgroup7
\symboldsymbols=\mathgroup8
LaTeX Font Info:    Redeclaring math alphabet \mathbf on input line 138.
LaTeX Info: Redefining \bm on input line 204.
)
(/home/jesse/texmf/tex/latex/numprint/numprint.sty
Package: numprint 2012/08/20 v1.39 Print numbers (HH)

(/usr/share/texlive/texmf-dist/tex/latex/tools/array.sty
Package: array 2008/09/09 v2.4c Tabular extension package (FMi)
\col@sep=\dimen112
\extrarowheight=\dimen113
\NC@list=\toks19
\extratabsurround=\skip55
\backup@length=\skip56
)
\c@nprt@mantissa@digitsbefore=\count99
\c@nprt@mantissa@digitsafter=\count100
\c@nprt@exponent@digitsbefore=\count101
\c@nprt@exponent@digitsafter=\count102
\nprt@digitwidth=\skip57
\nprt@sepwidth=\skip58
\nprt@decimalwidth=\skip59
\nprt@blockwidth=\skip60
\nprt@digittoks=\toks20
\nprt@pretoks=\toks21
\nprt@posttoks=\toks22
\nprt@thisdigit=\count103
\nprt@curpos=\count104
\nprt@rndpos=\count105
\c@nprt@digitsfirstblock=\count106
\c@nprt@blockcnt=\count107
\c@nprt@cntprint=\count108

No configuration file `numprint.cfg' found.)
(/usr/share/texlive/texmf-dist/tex/latex/geometry/geometry.sty
Package: geometry 2010/09/12 v5.6 Page Geometry

(/usr/share/texlive/texmf-dist/tex/latex/graphics/keyval.sty
Package: keyval 1999/03/16 v1.13 key=value parser (DPC)
\KV@toks@=\toks23
)
(/usr/share/texlive/texmf-dist/tex/generic/oberdiek/ifpdf.sty
Package: ifpdf 2011/01/30 v2.3 Provides the ifpdf switch (HO)
Package ifpdf Info: pdfTeX in PDF mode is detected.
)
(/usr/share/texlive/texmf-dist/tex/generic/oberdiek/ifvtex.sty
Package: ifvtex 2010/03/01 v1.5 Detect VTeX and its facilities (HO)
Package ifvtex Info: VTeX not detected.
)
(/usr/share/texlive/texmf-dist/tex/generic/ifxetex/ifxetex.sty
Package: ifxetex 2010/09/12 v0.6 Provides ifxetex conditional
)
\Gm@cnth=\count109
\Gm@cntv=\count110
\c@Gm@tempcnt=\count111
\Gm@bindingoffset=\dimen114
\Gm@wd@mp=\dimen115
\Gm@odd@mp=\dimen116
\Gm@even@mp=\dimen117
\Gm@layoutwidth=\dimen118
\Gm@layoutheight=\dimen119
\Gm@layouthoffset=\dimen120
\Gm@layoutvoffset=\dimen121
\Gm@dimlist=\toks24
)
(/usr/share/texlive/texmf-dist/tex/latex/graphics/graphicx.sty
Package: graphicx 1999/02/16 v1.0f Enhanced LaTeX Graphics (DPC,SPQR)

(/usr/share/texlive/texmf-dist/tex/latex/graphics/graphics.sty
Package: graphics 2009/02/05 v1.0o Standard LaTeX Graphics (DPC,SPQR)

(/usr/share/texlive/texmf-dist/tex/latex/graphics/trig.sty
Package: trig 1999/03/16 v1.09 sin cos tan (DPC)
)
(/usr/share/texlive/texmf-dist/tex/latex/latexconfig/graphics.cfg
File: graphics.cfg 2010/04/23 v1.9 graphics configuration of TeX Live
)
Package graphics Info: Driver file: pdftex.def on input line 91.

(/usr/share/texlive/texmf-dist/tex/latex/pdftex-def/pdftex.def
File: pdftex.def 2011/05/27 v0.06d Graphics/color for pdfTeX

(/usr/share/texlive/texmf-dist/tex/generic/oberdiek/infwarerr.sty
Package: infwarerr 2010/04/08 v1.3 Providing info/warning/error messages (HO)
)
(/usr/share/texlive/texmf-dist/tex/generic/oberdiek/ltxcmds.sty
Package: ltxcmds 2011/11/09 v1.22 LaTeX kernel commands for general use (HO)
)
\Gread@gobject=\count112
))
\Gin@req@height=\dimen122
\Gin@req@width=\dimen123
)
(/home/jesse/texmf/tex/latex/wrapfig/wrapfig.sty
\wrapoverhang=\dimen124
\WF@size=\dimen125
\c@WF@wrappedlines=\count113
\WF@box=\box28
\WF@everypar=\toks25
Package: wrapfig 2003/01/31  v 3.6
)
(/usr/share/texlive/texmf-dist/tex/latex/graphics/lscape.sty
Package: lscape 2000/10/22 v3.01 Landscape Pages (DPC)
)
(/home/jesse/texmf/tex/latex/rotating/rotating.sty
Package: rotating 2009/03/28 v2.16a rotated objects in LaTeX

(/usr/share/texlive/texmf-dist/tex/latex/base/ifthen.sty
Package: ifthen 2001/05/26 v1.1c Standard LaTeX ifthen package (DPC)
)
\c@r@tfl@t=\count114
\rotFPtop=\skip61
\rotFPbot=\skip62
\rot@float@box=\box29
\rot@mess@toks=\toks26
)
(/usr/share/texlive/texmf-dist/tex/latex/oberdiek/epstopdf.sty
Package: epstopdf 2010/02/09 v2.5 Conversion with epstopdf on the fly (HO)

(/usr/share/texlive/texmf-dist/tex/latex/oberdiek/epstopdf-base.sty
Package: epstopdf-base 2010/02/09 v2.5 Base part for package epstopdf

(/usr/share/texlive/texmf-dist/tex/latex/oberdiek/grfext.sty
Package: grfext 2010/08/19 v1.1 Manage graphics extensions (HO)

(/usr/share/texlive/texmf-dist/tex/generic/oberdiek/kvdefinekeys.sty
Package: kvdefinekeys 2011/04/07 v1.3 Define keys (HO)
))
(/usr/share/texlive/texmf-dist/tex/latex/oberdiek/kvoptions.sty
Package: kvoptions 2011/06/30 v3.11 Key value format for package options (HO)

(/usr/share/texlive/texmf-dist/tex/generic/oberdiek/kvsetkeys.sty
Package: kvsetkeys 2012/04/25 v1.16 Key value parser (HO)

(/usr/share/texlive/texmf-dist/tex/generic/oberdiek/etexcmds.sty
Package: etexcmds 2011/02/16 v1.5 Avoid name clashes with e-TeX commands (HO)

(/usr/share/texlive/texmf-dist/tex/generic/oberdiek/ifluatex.sty
Package: ifluatex 2010/03/01 v1.3 Provides the ifluatex switch (HO)
Package ifluatex Info: LuaTeX not detected.
)
Package etexcmds Info: Could not find \expanded.
(etexcmds)             That can mean that you are not using pdfTeX 1.50 or
(etexcmds)             that some package has redefined \expanded.
(etexcmds)             In the latter case, load this package earlier.
)))
(/usr/share/texlive/texmf-dist/tex/generic/oberdiek/pdftexcmds.sty
Package: pdftexcmds 2011/11/29 v0.20 Utility functions of pdfTeX for LuaTeX (HO
)
Package pdftexcmds Info: LuaTeX not detected.
Package pdftexcmds Info: \pdf@primitive is available.
Package pdftexcmds Info: \pdf@ifprimitive is available.
Package pdftexcmds Info: \pdfdraftmode found.
)
Package grfext Info: Graphics extension search list:
(grfext)             [.png,.pdf,.jpg,.mps,.jpeg,.jbig2,.jb2,.PNG,.PDF,.JPG,.JPE
G,.JBIG2,.JB2,.eps]
(grfext)             \AppendGraphicsExtensions on input line 452.

(/usr/share/texlive/texmf-dist/tex/latex/latexconfig/epstopdf-sys.cfg
File: epstopdf-sys.cfg 2010/07/13 v1.3 Configuration of (r)epstopdf for TeX Liv
e
)))
(/home/jesse/texmf/tex/latex/tablefootnote/tablefootnote.sty
Package: tablefootnote 2014/01/26 v1.1c Table foot notes (HMM)

(/usr/share/texlive/texmf-dist/tex/latex/oberdiek/letltxmacro.sty
Package: letltxmacro 2010/09/02 v1.4 Let assignment for LaTeX macros (HO)
)
(/home/jesse/texmf/tex/latex/xifthen/xifthen.sty
Package: xifthen 2009/04/17 v1.3 Extended ifthen features

(/usr/share/texlive/texmf-dist/tex/latex/etex-pkg/etex.sty
Package: etex 1998/03/26 v2.0 eTeX basic definition package (PEB)
\et@xins=\count115
)
(/usr/share/texlive/texmf-dist/tex/latex/tools/calc.sty
Package: calc 2007/08/22 v4.3 Infix arithmetic (KKT,FJ)
\calc@Acount=\count116
\calc@Bcount=\count117
\calc@Adimen=\dimen126
\calc@Bdimen=\dimen127
\calc@Askip=\skip63
\calc@Bskip=\skip64
LaTeX Info: Redefining \setlength on input line 76.
LaTeX Info: Redefining \addtolength on input line 77.
\calc@Ccount=\count118
\calc@Cskip=\skip65
)
(/home/jesse/texmf/tex/latex/ifmtarg/ifmtarg.sty
Package: ifmtarg 2009/09/02 v1.2a check for an empty argument
))
(/home/jesse/texmf/tex/latex/etoolbox/etoolbox.sty
Package: etoolbox 2015/03/19 v2.1d e-TeX tools for LaTeX (JAW)
\etb@tempcnta=\count119
))
(/home/jesse/texmf/tex/latex/listings/listings.sty
\lst@mode=\count120
\lst@gtempboxa=\box30
\lst@token=\toks27
\lst@length=\count121
\lst@currlwidth=\dimen128
\lst@column=\count122
\lst@pos=\count123
\lst@lostspace=\dimen129
\lst@width=\dimen130
\lst@newlines=\count124
\lst@lineno=\count125
\lst@maxwidth=\dimen131

(/home/jesse/texmf/tex/latex/listings/lstmisc.sty
File: lstmisc.sty 2014/09/06 1.5e (Carsten Heinz)
\c@lstnumber=\count126
\lst@skipnumbers=\count127
\lst@framebox=\box31
)
(/home/jesse/texmf/tex/latex/listings/listings.cfg
File: listings.cfg 2014/09/06 1.5e listings configuration
))
Package: listings 2014/09/06 1.5e (Carsten Heinz)
 (./parkinsons.aux)
\openout1 = `parkinsons.aux'.

LaTeX Font Info:    Checking defaults for OML/cmm/m/it on input line 30.
LaTeX Font Info:    ... okay on input line 30.
LaTeX Font Info:    Checking defaults for T1/cmr/m/n on input line 30.
LaTeX Font Info:    ... okay on input line 30.
LaTeX Font Info:    Checking defaults for OT1/cmr/m/n on input line 30.
LaTeX Font Info:    ... okay on input line 30.
LaTeX Font Info:    Checking defaults for OMS/cmsy/m/n on input line 30.
LaTeX Font Info:    ... okay on input line 30.
LaTeX Font Info:    Checking defaults for OMX/cmex/m/n on input line 30.
LaTeX Font Info:    ... okay on input line 30.
LaTeX Font Info:    Checking defaults for U/cmr/m/n on input line 30.
LaTeX Font Info:    ... okay on input line 30.

*geometry* driver: auto-detecting
*geometry* detected driver: pdftex
*geometry* verbose mode - [ preamble ] result:
* driver: pdftex
* paper: letterpaper
* layout: <same size as paper>
* layoutoffset:(h,v)=(0.0pt,0.0pt)
* modes: 
* h-part:(L,W,R)=(72.26999pt, 469.75502pt, 72.26999pt)
* v-part:(T,H,B)=(72.26999pt, 650.43001pt, 72.26999pt)
* \paperwidth=614.295pt
* \paperheight=794.96999pt
* \textwidth=469.75502pt
* \textheight=650.43001pt
* \oddsidemargin=0.0pt
* \evensidemargin=0.0pt
* \topmargin=-37.0pt
* \headheight=12.0pt
* \headsep=25.0pt
* \topskip=12.0pt
* \footskip=30.0pt
* \marginparwidth=44.0pt
* \marginparsep=10.0pt
* \columnsep=10.0pt
* \skip\footins=10.8pt plus 4.0pt minus 2.0pt
* \hoffset=0.0pt
* \voffset=0.0pt
* \mag=1000
* \@twocolumnfalse
* \@twosidefalse
* \@mparswitchfalse
* \@reversemarginfalse
* (1in=72.27pt=25.4mm, 1cm=28.453pt)

(/usr/share/texlive/texmf-dist/tex/context/base/supp-pdf.mkii
[Loading MPS to PDF converter (version 2006.09.02).]
\scratchcounter=\count128
\scratchdimen=\dimen132
\scratchbox=\box32
\nofMPsegments=\count129
\nofMParguments=\count130
\everyMPshowfont=\toks28
\MPscratchCnt=\count131
\MPscratchDim=\dimen133
\MPnumerator=\count132
\makeMPintoPDFobject=\count133
\everyMPtoPDFconversion=\toks29
)
\c@lstlisting=\count134
LaTeX Font Info:    Try loading font information for U+msa on input line 35.
 (/usr/share/texlive/texmf-dist/tex/latex/amsfonts/umsa.fd
File: umsa.fd 2013/01/14 v3.01 AMS symbols A
)
LaTeX Font Info:    Try loading font information for U+msb on input line 35.

(/usr/share/texlive/texmf-dist/tex/latex/amsfonts/umsb.fd
File: umsb.fd 2013/01/14 v3.01 AMS symbols B
)

LaTeX Warning: `h' float specifier changed to `ht'.


LaTeX Warning: `h' float specifier changed to `ht'.

<../figures/pca.pdf, id=1, 505.89pt x 505.89pt>
File: ../figures/pca.pdf Graphic file (type pdf)
 <use ../figures/pca.pdf>
Package pdftex.def Info: ../figures/pca.pdf used on input line 111.
(pdftex.def)             Requested size: 469.75502pt x 469.76265pt.


LaTeX Warning: `h' float specifier changed to `ht'.

<../figures/pca-eigenvalues.pdf, id=2, 505.89pt x 505.89pt>
File: ../figures/pca-eigenvalues.pdf Graphic file (type pdf)

<use ../figures/pca-eigenvalues.pdf>
Package pdftex.def Info: ../figures/pca-eigenvalues.pdf used on input line 118.

(pdftex.def)             Requested size: 469.75502pt x 469.76265pt.


LaTeX Warning: `h' float specifier changed to `ht'.

[1

{/var/lib/texmf/fonts/map/pdftex/updmap/pdftex.map}] [2] [3 <../figures/pca.pdf
>] [4 <../figures/pca-eigenvalues.pdf>]
<../figures/kmeans-wss-error.pdf, id=39, 505.89pt x 505.89pt>
File: ../figures/kmeans-wss-error.pdf Graphic file (type pdf)

<use ../figures/kmeans-wss-error.pdf>
Package pdftex.def Info: ../figures/kmeans-wss-error.pdf used on input line 134
.
(pdftex.def)             Requested size: 469.75502pt x 469.76265pt.

<../figures/gap-statistic.pdf, id=40, 505.89pt x 505.89pt>
File: ../figures/gap-statistic.pdf Graphic file (type pdf)

<use ../figures/gap-statistic.pdf>
Package pdftex.def Info: ../figures/gap-statistic.pdf used on input line 148.
(pdftex.def)             Requested size: 469.75502pt x 469.76265pt.
 [5

 <../figures/kmeans-wss-error.pdf>]
<../figures/asw.pdf, id=50, 505.89pt x 505.89pt>
File: ../figures/asw.pdf Graphic file (type pdf)
 <use ../figures/asw.pdf>
Package pdftex.def Info: ../figures/asw.pdf used on input line 160.
(pdftex.def)             Requested size: 469.75502pt x 469.76265pt.


LaTeX Warning: `h' float specifier changed to `ht'.

[6 <../figures/gap-statistic.pdf>]
<../figures/kmeans-silhouette-2.pdf, id=60, 505.89pt x 505.89pt>
File: ../figures/kmeans-silhouette-2.pdf Graphic file (type pdf)

<use ../figures/kmeans-silhouette-2.pdf>
Package pdftex.def Info: ../figures/kmeans-silhouette-2.pdf used on input line 
205.
(pdftex.def)             Requested size: 469.75502pt x 469.76265pt.


LaTeX Warning: `h' float specifier changed to `ht'.

<../figures/kmeans-silhouette-3.pdf, id=61, 505.89pt x 505.89pt>
File: ../figures/kmeans-silhouette-3.pdf Graphic file (type pdf)

<use ../figures/kmeans-silhouette-3.pdf>
Package pdftex.def Info: ../figures/kmeans-silhouette-3.pdf used on input line 
212.
(pdftex.def)             Requested size: 469.75502pt x 469.76265pt.


LaTeX Warning: `h' float specifier changed to `ht'.

<../figures/kmeans-silhouette-4.pdf, id=62, 505.89pt x 505.89pt>
File: ../figures/kmeans-silhouette-4.pdf Graphic file (type pdf)

<use ../figures/kmeans-silhouette-4.pdf>
Package pdftex.def Info: ../figures/kmeans-silhouette-4.pdf used on input line 
219.
(pdftex.def)             Requested size: 469.75502pt x 469.76265pt.


LaTeX Warning: `h' float specifier changed to `ht'.

<../figures/dtree-kmeans-pruned-unscaled-2.pdf, id=63, 505.89pt x 505.89pt>
File: ../figures/dtree-kmeans-pruned-unscaled-2.pdf Graphic file (type pdf)

<use ../figures/dtree-kmeans-pruned-unscaled-2.pdf>
Package pdftex.def Info: ../figures/dtree-kmeans-pruned-unscaled-2.pdf used on 
input line 258.
(pdftex.def)             Requested size: 469.75502pt x 469.76265pt.


LaTeX Warning: `h' float specifier changed to `ht'.

<../figures/dtree-kmeans-pruned-unscaled-3.pdf, id=64, 505.89pt x 505.89pt>
File: ../figures/dtree-kmeans-pruned-unscaled-3.pdf Graphic file (type pdf)

<use ../figures/dtree-kmeans-pruned-unscaled-3.pdf>
Package pdftex.def Info: ../figures/dtree-kmeans-pruned-unscaled-3.pdf used on 
input line 265.
(pdftex.def)             Requested size: 469.75502pt x 469.76265pt.


LaTeX Warning: `h' float specifier changed to `ht'.

<../figures/dtree-kmeans-pruned-unscaled-4.pdf, id=65, 505.89pt x 505.89pt>
File: ../figures/dtree-kmeans-pruned-unscaled-4.pdf Graphic file (type pdf)

<use ../figures/dtree-kmeans-pruned-unscaled-4.pdf>
Package pdftex.def Info: ../figures/dtree-kmeans-pruned-unscaled-4.pdf used on 
input line 272.
(pdftex.def)             Requested size: 469.75502pt x 469.76265pt.


LaTeX Warning: `h' float specifier changed to `ht'.

<../figures/kmeans-summaries-2.pdf, id=66, 691.58376pt x 458.71375pt>
File: ../figures/kmeans-summaries-2.pdf Graphic file (type pdf)

<use ../figures/kmeans-summaries-2.pdf>
Package pdftex.def Info: ../figures/kmeans-summaries-2.pdf used on input line 2
99.
(pdftex.def)             Requested size: 469.75502pt x 311.58525pt.


LaTeX Warning: `h' float specifier changed to `ht'.

<../figures/kmeans-summaries-3.pdf, id=67, 691.58376pt x 458.71375pt>
File: ../figures/kmeans-summaries-3.pdf Graphic file (type pdf)

<use ../figures/kmeans-summaries-3.pdf>
Package pdftex.def Info: ../figures/kmeans-summaries-3.pdf used on input line 3
06.
(pdftex.def)             Requested size: 469.75502pt x 311.58525pt.


LaTeX Warning: `h' float specifier changed to `ht'.

<../figures/kmeans-summaries-4.pdf, id=68, 691.58376pt x 458.71375pt>
File: ../figures/kmeans-summaries-4.pdf Graphic file (type pdf)

<use ../figures/kmeans-summaries-4.pdf>
Package pdftex.def Info: ../figures/kmeans-summaries-4.pdf used on input line 3
13.
(pdftex.def)             Requested size: 469.75502pt x 311.58525pt.


LaTeX Warning: `h' float specifier changed to `ht'.

[7] [8] [9 <../figures/asw.pdf>] [10 <../figures/kmeans-silhouette-2.pdf>]
[11 <../figures/kmeans-silhouette-3.pdf>] [12 <../figures/kmeans-silhouette-4.p
df>] [13 <../figures/dtree-kmeans-pruned-unscaled-2.pdf>] [14 <../figures/dtree
-kmeans-pruned-unscaled-3.pdf>] [15 <../figures/dtree-kmeans-pruned-unscaled-4.
pdf>] [16 <../figures/kmeans-summaries-2.pdf>] [17 <../figures/kmeans-summaries
-3.pdf>] [18 <../figures/kmeans-summaries-4.pdf>]
<../figures/ap-silhouette.pdf, id=175, 505.89pt x 505.89pt>
File: ../figures/ap-silhouette.pdf Graphic file (type pdf)

<use ../figures/ap-silhouette.pdf>
Package pdftex.def Info: ../figures/ap-silhouette.pdf used on input line 380.
(pdftex.def)             Requested size: 469.75502pt x 469.76265pt.


LaTeX Warning: `h' float specifier changed to `ht'.

[19

] [20 <../figures/ap-silhouette.pdf>]
<../figures/hc-dendrograms.pdf, id=190, 505.89pt x 505.89pt>
File: ../figures/hc-dendrograms.pdf Graphic file (type pdf)

<use ../figures/hc-dendrograms.pdf>
Package pdftex.def Info: ../figures/hc-dendrograms.pdf used on input line 395.
(pdftex.def)             Requested size: 469.75502pt x 469.76265pt.

Overfull \hbox (6.65692pt too wide) in paragraph at lines 403--415
 [][] 
 []


LaTeX Warning: `h' float specifier changed to `ht'.

[21

 <../figures/hc-dendrograms.pdf>]
<../figures/hc-summaries-complete-k4.pdf, id=200, 691.58376pt x 458.71375pt>
File: ../figures/hc-summaries-complete-k4.pdf Graphic file (type pdf)

<use ../figures/hc-summaries-complete-k4.pdf>
Package pdftex.def Info: ../figures/hc-summaries-complete-k4.pdf used on input 
line 423.
(pdftex.def)             Requested size: 469.75502pt x 311.58525pt.

<../figures/hc-summaries-complete-dynamic.pdf, id=201, 691.58376pt x 458.71375p
t>
File: ../figures/hc-summaries-complete-dynamic.pdf Graphic file (type pdf)
 <use ../figures/hc-summaries-complete-dynamic.pdf>
Package pdftex.def Info: ../figures/hc-summaries-complete-dynamic.pdf used on i
nput line 430.
(pdftex.def)             Requested size: 469.75502pt x 311.58525pt.


LaTeX Warning: `h' float specifier changed to `ht'.

<../figures/hc-summaries-ward-D-k4.pdf, id=202, 691.58376pt x 458.71375pt>
File: ../figures/hc-summaries-ward-D-k4.pdf Graphic file (type pdf)

<use ../figures/hc-summaries-ward-D-k4.pdf>
Package pdftex.def Info: ../figures/hc-summaries-ward-D-k4.pdf used on input li
ne 438.
(pdftex.def)             Requested size: 469.75502pt x 311.58525pt.


LaTeX Warning: `h' float specifier changed to `ht'.

<../figures/hc-summaries-ward-D-h100.pdf, id=203, 691.58376pt x 458.71375pt>
File: ../figures/hc-summaries-ward-D-h100.pdf Graphic file (type pdf)

<use ../figures/hc-summaries-ward-D-h100.pdf>
Package pdftex.def Info: ../figures/hc-summaries-ward-D-h100.pdf used on input 
line 445.
(pdftex.def)             Requested size: 469.75502pt x 311.58525pt.


LaTeX Warning: `h' float specifier changed to `ht'.


LaTeX Warning: `h' float specifier changed to `ht'.

<../figures/ap-summaries.pdf, id=204, 691.58376pt x 458.71375pt>
File: ../figures/ap-summaries.pdf Graphic file (type pdf)

<use ../figures/ap-summaries.pdf>
Package pdftex.def Info: ../figures/ap-summaries.pdf used on input line 480.
(pdftex.def)             Requested size: 469.75502pt x 311.58525pt.


LaTeX Warning: `h' float specifier changed to `ht'.

<../figures/biclust-heatmaps-16.pdf, id=205, 505.89pt x 505.89pt>
File: ../figures/biclust-heatmaps-16.pdf Graphic file (type pdf)

<use ../figures/biclust-heatmaps-16.pdf>
Package pdftex.def Info: ../figures/biclust-heatmaps-16.pdf used on input line 
491.
(pdftex.def)             Requested size: 469.75502pt x 469.76265pt.
 [22 <../figures/hc-summaries-complete-k4.pdf>]

LaTeX Warning: `h' float specifier changed to `ht'.

<../figures/biclust-bubbleplot-16.pdf, id=216, 505.89pt x 505.89pt>
File: ../figures/biclust-bubbleplot-16.pdf Graphic file (type pdf)

<use ../figures/biclust-bubbleplot-16.pdf>
Package pdftex.def Info: ../figures/biclust-bubbleplot-16.pdf used on input lin
e 498.
(pdftex.def)             Requested size: 469.75502pt x 469.76265pt.


LaTeX Warning: `h' float specifier changed to `ht'.

[23 <../figures/hc-summaries-complete-dynamic.pdf>] [24 <../figures/hc-summarie
s-ward-D-k4.pdf>] [25 <../figures/hc-summaries-ward-D-h100.pdf>] [26 <../figure
s/ap-summaries.pdf>] [27 <../figures/biclust-heatmaps-16.pdf>] [28 <../figures/
biclust-bubbleplot-16.pdf>] (./parkinsons.aux) ) 
Here is how much of TeX's memory you used:
 5523 strings out of 495028
 78291 string characters out of 6181497
 157977 words of memory out of 5000000
 8588 multiletter control sequences out of 15000+600000
 21424 words of font info for 80 fonts, out of 8000000 for 9000
 14 hyphenation exceptions out of 8191
 42i,14n,43p,798b,249s stack positions out of 5000i,500n,10000p,200000b,80000s
</usr/share/texlive/texmf-dist/
fonts/type1/public/amsfonts/cm/cmbx12.pfb></usr/share/texlive/texmf-dist/fonts/
type1/public/amsfonts/cm/cmmi12.pfb></usr/share/texlive/texmf-dist/fonts/type1/
public/amsfonts/cm/cmr10.pfb></usr/share/texlive/texmf-dist/fonts/type1/public/
amsfonts/cm/cmr12.pfb></usr/share/texlive/texmf-dist/fonts/type1/public/amsfont
s/cm/cmr17.pfb></usr/share/texlive/texmf-dist/fonts/type1/public/amsfonts/cm/cm
r7.pfb></usr/share/texlive/texmf-dist/fonts/type1/public/amsfonts/cm/cmr8.pfb><
/usr/share/texlive/texmf-dist/fonts/type1/public/amsfonts/cm/cmsy10.pfb></usr/s
hare/texlive/texmf-dist/fonts/type1/public/amsfonts/cm/cmti12.pfb></usr/share/t
exlive/texmf-dist/fonts/type1/public/amsfonts/cm/cmtt10.pfb></usr/share/texlive
/texmf-dist/fonts/type1/public/amsfonts/cm/cmtt12.pfb>
Output written on parkinsons.pdf (28 pages, 605506 bytes).
PDF statistics:
 306 PDF objects out of 1000 (max. 8388607)
 216 compressed objects within 3 object streams
 0 named destinations out of 1000 (max. 500000)
 116 words of extra memory for PDF output out of 10000 (max. 10000000)

